Dec 29, 2023 10:01:07 PM com.example.cronscheduler.CustomLogger logInfo
INFO: SCHEDULED: Job PrintLineJob with ID jobId1
Dec 29, 2023 10:01:07 PM com.example.cronscheduler.CustomLogger logInfo
INFO: STARTING: PrintLineJob of ID:jobId1
Dec 29, 2023 10:01:07 PM com.example.cronscheduler.CustomLogger logInfo
INFO: SCHEDULED: Job CurrentTimeJob with ID jobId2
Dec 29, 2023 10:01:07 PM com.example.cronscheduler.CustomLogger logInfo
INFO: Executing PrintLineJob: Hello, this is a simple line!
Dec 29, 2023 10:01:07 PM com.example.cronscheduler.CustomLogger logInfo
INFO: STARTING: CurrentTimeJob of ID:jobId2
Dec 29, 2023 10:01:07 PM com.example.cronscheduler.CustomLogger logInfo
INFO: SCHEDULED: Job InfiniteSleepJob with ID jobId3
Dec 29, 2023 10:01:07 PM com.example.cronscheduler.CustomLogger logInfo
INFO: COMPLETED: Job jobId1 in 2 milliseconds
Dec 29, 2023 10:01:07 PM com.example.cronscheduler.CustomLogger logInfo
INFO: STARTING: InfiniteSleepJob of ID:jobId3
Dec 29, 2023 10:01:07 PM com.example.cronscheduler.CustomLogger logInfo
INFO: Executing InfiniteSleepJob, Zzzzzzzzzz ...
Dec 29, 2023 10:01:07 PM com.example.cronscheduler.CustomLogger logInfo
INFO: Executing CurrentTimeJob, Current time is 2023-12-29 22:01:07
Dec 29, 2023 10:01:07 PM com.example.cronscheduler.CustomLogger logInfo
INFO: COMPLETED: Job jobId2 in 5 milliseconds
